<?xml version="1.0" encoding="UTF-8"?>
<!-- Generated by org.testng.reporters.JUnitReportReporter -->
<testsuite hostname="Nidhi_P" failures="0" tests="5" name="com.devbookstore.book.service.BookServiceTest" time="1.149" errors="0" timestamp="2025-05-18T14:01:49 IST" skipped="0">
  <testcase classname="com.devbookstore.book.service.BookServiceTest" name="testFindBookByTitle" time="1.142"/>
  <testcase classname="com.devbookstore.book.service.BookServiceTest" name="testFindBookByTitle" time="0.002"/>
  <testcase classname="com.devbookstore.book.service.BookServiceTest" name="testGetAllBooks" time="0.002"/>
  <testcase classname="com.devbookstore.book.service.BookServiceTest" name="testSaveBook" time="0.001"/>
  <testcase classname="com.devbookstore.book.service.BookServiceTest" name="testFindBookByTitle" time="0.002"/>
</testsuite> <!-- com.devbookstore.book.service.BookServiceTest -->
